Changed Dart files:
benchmark/renderer_v2_benchmark.dart
lib/src/binding/terminal_binding.dart
lib/src/buffer.dart
lib/src/components/focus.dart
lib/src/framework/terminal_canvas.dart
lib/src/rendering/frame_diff.dart
lib/src/utils/escape_codes.dart
packages/cinder_riverpod/lib/cinder_riverpod.dart
packages/cinder_riverpod/lib/src/framework.dart
packages/cinder_riverpod/lib/src/provider_context.dart
packages/cinder_riverpod/lib/src/provider_dependencies.dart
test/rendering/buffer_v2_test.dart
test/rendering/frame_diff_test.dart

Warning: Package resolution error when reading "analysis_options.yaml" file:
Failed to resolve package URI "package:lints/recommended.yaml" in include at "/home/runner/work/cinder/cinder/analysis_options.yaml".
Warning: Package resolution error when reading "analysis_options.yaml" file:
Failed to resolve package URI "package:lints/recommended.yaml" in include at "/home/runner/work/cinder/cinder/analysis_options.yaml".
Warning: Package resolution error when reading "analysis_options.yaml" file:
Failed to resolve package URI "package:lints/recommended.yaml" in include at "/home/runner/work/cinder/cinder/analysis_options.yaml".
Warning: Package resolution error when reading "analysis_options.yaml" file:
Failed to resolve package URI "package:lints/recommended.yaml" in include at "/home/runner/work/cinder/cinder/analysis_options.yaml".
Warning: Package resolution error when reading "analysis_options.yaml" file:
Failed to resolve package URI "package:lints/recommended.yaml" in include at "/home/runner/work/cinder/cinder/analysis_options.yaml".
Warning: Package resolution error when reading "analysis_options.yaml" file:
Failed to resolve package URI "package:lints/recommended.yaml" in include at "/home/runner/work/cinder/cinder/analysis_options.yaml".
Warning: Package resolution error when reading "analysis_options.yaml" file:
Failed to resolve package URI "package:lints/recommended.yaml" in include at "/home/runner/work/cinder/cinder/analysis_options.yaml".
Warning: Package resolution error when reading "analysis_options.yaml" file:
Failed to resolve package URI "package:lints/recommended.yaml" in include at "/home/runner/work/cinder/cinder/packages/cinder_riverpod/analysis_options.yaml".
Warning: Package resolution error when reading "analysis_options.yaml" file:
Failed to resolve package URI "package:lints/recommended.yaml" in include at "/home/runner/work/cinder/cinder/packages/cinder_riverpod/analysis_options.yaml".
Warning: Package resolution error when reading "analysis_options.yaml" file:
Failed to resolve package URI "package:lints/recommended.yaml" in include at "/home/runner/work/cinder/cinder/analysis_options.yaml".
Formatted 13 files (0 changed) in 0.06 seconds.

Files modified by Dart 3.12.2 formatter:
