Resolving dependencies...
Downloading packages...
+ _fe_analyzer_shared 105.0.0
+ analyzer 14.1.0
+ ansi_escape_codes 2.2.1 (3.1.2 available)
+ archive 4.0.9
+ args 2.7.0
+ async 2.13.1
+ boolean_selector 2.1.2
+ characters 1.4.1
! cinder 1.0.0-dev.1 from path ../.. (overridden)
+ cli_config 0.2.0
+ clock 1.1.2
+ collection 1.19.1
+ convert 3.1.2
+ coverage 1.15.1
+ crypto 3.0.7
+ equatable 2.1.0
+ ffi 2.2.0
+ file 7.0.1
+ fixnum 1.1.1
+ frontend_server_client 4.0.0
+ glob 2.1.3
+ hotreloader 4.4.0
+ http_multi_server 3.2.2
+ http_parser 4.1.2
+ image 4.9.1
+ io 1.0.5
+ lints 5.1.1 (6.1.0 available)
+ logging 1.3.0
+ markdown 7.3.1
+ matcher 0.12.20
+ meta 1.19.0
+ mime 2.0.0
+ node_preamble 2.0.2
+ package_config 3.0.0
+ path 1.9.1
+ petitparser 7.0.2
+ pool 1.5.2
+ posix 6.5.0
+ pub_semver 2.2.0
+ quiver 3.2.2
+ riverpod 3.3.2
+ shelf 1.4.2
+ shelf_packages_handler 3.0.2
+ shelf_static 1.1.3
+ shelf_web_socket 3.0.0
+ source_map_stack_trace 2.1.2
+ source_maps 0.10.13
+ source_span 1.10.2
+ stack_trace 1.12.1
+ state_notifier 1.0.0
+ stream_channel 2.1.4
+ stream_transform 2.1.1
+ string_scanner 1.4.1
+ term_glyph 1.2.2
+ test 1.31.2
+ test_api 0.7.13
+ test_core 0.6.19
+ typed_data 1.4.0
+ uuid 4.5.3
+ vm_service 15.2.0
+ watcher 1.2.1
+ web 1.1.1
+ web_socket 1.0.1
+ web_socket_channel 3.0.3
+ webkit_inspection_protocol 1.2.1
+ xml 7.0.1
+ yaml 3.1.3
+ zmodem 0.0.6
Changed 67 dependencies!
2 packages have newer versions incompatible with dependency constraints.
Try `dart pub outdated` for more information.
Analyzing cinder_riverpod...

   info - lib/cinder_riverpod.dart:1:1 - Dangling library doc comment. Add a 'library' directive after the library comment. - dangling_library_doc_comments
   info - lib/src/framework.dart:7:8 - Import of a library in the 'lib/src' directory of another package. Try importing a public library that exports this library, or removing the import. - implementation_imports
   info - lib/src/framework.dart:60:10 - Invalid use of a private type in a public API. Try making the private type public, or making the API that uses the private type also be private. - library_private_types_in_public_api
   info - lib/src/framework.dart:245:24 - The member 'getDependencies' overrides an inherited member but isn't annotated with '@override'. Try adding the '@override' annotation. - annotate_overrides
   info - lib/src/provider_context.dart:4:8 - Import of a library in the 'lib/src' directory of another package. Try importing a public library that exports this library, or removing the import. - implementation_imports
   info - lib/src/provider_dependencies.dart:2:8 - Import of a library in the 'lib/src' directory of another package. Try importing a public library that exports this library, or removing the import. - implementation_imports

6 issues found.
00:00 +0: loading test/watch_test.dart
00:00 +0: test/watch_test.dart: context.watch watch triggers rebuilds when provider changes
TEST: watch rebuilds
] 52;c;\00:00 +0: test/basic_integration_test.dart: Riverpod integration - basic read and overrides
TEST: riverpod basic functionality
] 52;c;\00:00 +0: test/watch_test.dart: context.watch watch triggers rebuilds when provider changes
  ✓ PASSED
00:00 +1: test/basic_integration_test.dart: Riverpod integration - basic read and overrides
] 52;c;\00:00 +1: test/watch_test.dart: context.watch watch with multiple providers
TEST: multiple watches
  ✓ PASSED
00:00 +2: test/basic_integration_test.dart: Riverpod integration - basic read and overrides
] 52;c;\00:00 +2: test/watch_test.dart: context.watch watch with computed provider
TEST: computed provider
  ✓ PASSED
00:00 +3: test/basic_integration_test.dart: Riverpod integration - basic read and overrides
] 52;c;\00:00 +3: test/watch_test.dart: context.watch nested ProviderScopes with watch
TEST: nested scopes
00:00 +3: test/basic_integration_test.dart: Riverpod integration - basic read and overrides
  ✓ PASSED
00:00 +4: test/watch_test.dart: context.watch nested ProviderScopes with watch
  ✓ PASSED
00:00 +5: test/basic_integration_test.dart: Riverpod integration - nested scopes
] 52;c;\TEST: nested provider scopes
] 52;c;\00:00 +5: test/watch_test.dart: context.watch watch does not create duplicate subscriptions
TEST: no duplicate subscriptions
  ✓ PASSED
00:00 +6: test/basic_integration_test.dart: Riverpod integration - nested scopes
] 52;c;\00:00 +6: test/watch_test.dart: context.listen listen callback can request rebuilds
TEST: listen without rebuild
  ✓ PASSED
00:00 +7: test/basic_integration_test.dart: Riverpod integration - nested scopes
  ✓ PASSED
00:00 +8: test/basic_integration_test.dart: Riverpod integration - multiple providers
] 52;c;\TEST: multiple providers
  ✓ PASSED
00:00 +9: test/simple_watch_test.dart: Basic watch functionality
TEST: basic watch
] 52;c;\00:00 +9: test/simple_test.dart: Basic Riverpod integration works
TEST: basic provider read
] 52;c;\00:00 +9: test/simple_watch_test.dart: Basic watch functionality

╔═ Terminal Output ═══════════════════════════════════════════════════════════╗
║                                    Count: 0                                  ║
║                              Press up to increment                           ║
║                                                                              ║
║                                                                              ║
║                                                                              ║
║                                                                              ║
║                                                                              ║
║                                                                              ║
║                                                                              ║
║                                                                              ║
║                                                                              ║
║                                                                              ║
║                                                                              ║
║                                                                              ║
║                                                                              ║
║                                                                              ║
║                                                                              ║
║                                                                              ║
║                                                                              ║
║                                                                              ║
║                                                                              ║
║                                                                              ║
║                                                                              ║
║                                                                              ║
║                                                                              ║
╚══════════════════════════════════════════════════════════════════════════════╝
  ✓ PASSED
00:00 +10: test/simple_test.dart: Basic Riverpod integration works
  ✓ PASSED
00:00 +11: test/simple_test.dart: StateProvider can be modified
] 52;c;\TEST: state provider modification
  ✓ PASSED
00:00 +12: test/simple_test.dart: Provider overrides work
TEST: provider override
] 52;c;\  ✓ PASSED
00:00 +13: test/direct_provider_test.dart: Direct provider modification triggers watch
TEST: direct provider test
] 52;c;\[BUILD] Build #1
[BUILD] Count value: 0
[TEST] Initial state check
[TEST] Modifying provider directly...
00:00 +13: test/riverpod_test.dart: cinder_riverpod ProviderScope provides container to descendants
TEST: provider scope basic
] 52;c;\00:00 +13: test/direct_provider_test.dart: Direct provider modification triggers watch
[TEST] Pumping frame...
[BUILD] Build #2
[BUILD] Count value: 1
[TEST] Final build count: 2
  ✓ PASSED
00:00 +13: test/riverpod_test.dart: cinder_riverpod ProviderScope provides container to descendants
  ✓ PASSED
00:00 +14: test/riverpod_test.dart: cinder_riverpod ProviderScope provides container to descendants
00:00 +15: test/riverpod_test.dart: cinder_riverpod watch triggers rebuilds
] 52;c;\TEST: watch rebuilds
  ✓ PASSED
00:00 +16: test/riverpod_test.dart: cinder_riverpod computed providers update when dependencies change
] 52;c;\TEST: computed providers
  ✓ PASSED
00:00 +17: test/riverpod_test.dart: cinder_riverpod StateNotifierProvider works correctly
] 52;c;\TEST: state notifier provider
  ✓ PASSED
00:00 +18: test/riverpod_test.dart: cinder_riverpod listen receives updates
] 52;c;\TEST: listen updates
  ✓ PASSED
00:00 +19: test/riverpod_test.dart: cinder_riverpod provider overrides work
] 52;c;\TEST: provider overrides
  ✓ PASSED
00:00 +20: test/riverpod_test.dart: cinder_riverpod nested ProviderScopes work
] 52;c;\TEST: nested scopes
  ✓ PASSED
00:00 +21: test/riverpod_test.dart: cinder_riverpod refresh works correctly
] 52;c;\TEST: refresh provider
  ✓ PASSED
00:00 +22: test/riverpod_test.dart: cinder_riverpod invalidate works correctly
] 52;c;\TEST: invalidate provider
  ✓ PASSED
00:01 +23: test/rebuild_test.dart: Watch triggers rebuild on provider change
TEST: watch rebuild test
] 52;c;\[WIDGET] Building widget...
[WIDGET] Watch returned: 0
[TEST] Initial render complete
[TEST] Incrementing counter...
[WIDGET] Incrementing provider state...
[WIDGET] Building widget...
[WIDGET] Watch returned: 1
[TEST] After pump, checking state...
  ✓ PASSED
00:01 +24: All tests passed!
