Resolving dependencies...
Downloading packages...
+ ansi_escape_codes 2.2.1 (3.1.2 available)
+ archive 4.0.9
+ args 2.7.0
+ async 2.13.1
+ boolean_selector 2.1.2
+ characters 1.4.1
! cinder 1.0.0-dev.1 from path ../.. (overridden)
+ collection 1.19.1
+ convert 3.1.2
+ crypto 3.0.7
+ equatable 2.1.0
+ ffi 2.2.0
+ hotreloader 4.4.0
+ image 4.9.1
+ logging 1.3.0
+ markdown 7.3.1
+ matcher 0.12.20
+ meta 1.19.0
+ path 1.9.1
+ petitparser 7.0.2
+ posix 6.5.0
+ quiver 3.2.2
+ source_span 1.10.2
+ stack_trace 1.12.1
+ stream_channel 2.1.4
+ stream_transform 2.1.1
+ string_scanner 1.4.1
+ term_glyph 1.2.2
+ test_api 0.7.13
+ typed_data 1.4.0
+ vm_service 15.2.0
+ watcher 1.2.1
+ xml 7.0.1
+ zmodem 0.0.6
Changed 33 dependencies!
1 package has newer versions incompatible with dependency constraints.
Try `dart pub outdated` for more information.
Analyzing cinder_nested...
No issues found!
Could not find package `test` or file `test:test`
You need to add a dev_dependency on package:test.
Try running `dart pub add --dev test`.
